\BOOKMARK [1][-]{section.1}{Introduction}{}% 1
\BOOKMARK [2][-]{subsection.1.1}{Atoms and molecules}{section.1}% 2
\BOOKMARK [2][-]{subsection.1.2}{Spectroscopic notation}{section.1}% 3
\BOOKMARK [2][-]{subsection.1.3}{Potential energy surface}{section.1}% 4
\BOOKMARK [2][-]{subsection.1.4}{The Born-Oppenheimer approximation}{section.1}% 5
\BOOKMARK [2][-]{subsection.1.5}{Conical intersection}{section.1}% 6
\BOOKMARK [3][-]{subsubsection.1.5.1}{Conical intersection of two electronic states}{subsection.1.5}% 7
\BOOKMARK [3][-]{subsubsection.1.5.2}{Conical intersection of three electronic states}{subsection.1.5}% 8
\BOOKMARK [3][-]{subsubsection.1.5.3}{N-fold degeneracy rule}{subsection.1.5}% 9
\BOOKMARK [2][-]{subsection.1.6}{Quality assessment}{section.1}% 10
\BOOKMARK [2][-]{subsection.1.7}{Unit conversion factors}{section.1}% 11
\BOOKMARK [1][-]{section.2}{Functional forms}{}% 12
\BOOKMARK [2][-]{subsection.2.1}{Permutational-invariant PES \(Braams \046 Bowman 2009\)}{section.2}% 13
\BOOKMARK [2][-]{subsection.2.2}{CHIPR \(Rocha \046 Varandas 2021\)}{section.2}% 14
\BOOKMARK [3][-]{subsubsection.2.2.1}{General representation}{subsection.2.2}% 15
\BOOKMARK [3][-]{subsubsection.2.2.2}{One-body term}{subsection.2.2}% 16
\BOOKMARK [3][-]{subsubsection.2.2.3}{Two-body terms}{subsection.2.2}% 17
\BOOKMARK [3][-]{subsubsection.2.2.4}{Three-body terms}{subsection.2.2}% 18
\BOOKMARK [3][-]{subsubsection.2.2.5}{Four-body terms}{subsection.2.2}% 19
\BOOKMARK [2][-]{subsection.2.3}{CHIPR for HO2+ \(Xavier et al 2019\)}{section.2}% 20
\BOOKMARK [2][-]{subsection.2.4}{2 x 2 diabatic matrix for HO2+ dissociation \(Xavier \046 Varandas 2021\)}{section.2}% 21
\BOOKMARK [2][-]{subsection.2.5}{3 x 3 diabatic matrix for H2O2 dissociation \(Coelho \046 Brand達o 2017\)}{section.2}% 22
\BOOKMARK [2][-]{subsection.2.6}{EHF and long range term for H2O\(1A1\) \(Brand達o \046 Rio 2003\)}{section.2}% 23
\BOOKMARK [3][-]{subsubsection.2.6.1}{Elements of the matrix}{subsection.2.6}% 24
\BOOKMARK [3][-]{subsubsection.2.6.2}{Diatomic terms}{subsection.2.6}% 25
\BOOKMARK [3][-]{subsubsection.2.6.3}{Triatomic terms}{subsection.2.6}% 26
\BOOKMARK [2][-]{subsection.2.7}{VR potentials for HO2 \(Brand達o et al 2009\)}{section.2}% 27
\BOOKMARK [2][-]{subsection.2.8}{MBE/DC PES for H2O \(Galv達o \046 Rodrigues 2008\)}{section.2}% 28
\BOOKMARK [2][-]{subsection.2.9}{Neural network for H3O \(Chen et al 2013\)}{section.2}% 29
\BOOKMARK [1][-]{section.3}{Fitting the potentials}{}% 30
\BOOKMARK [2][-]{subsection.3.1}{CHIPR fitting}{section.3}% 31
\BOOKMARK [2][-]{subsection.3.2}{Neural Network fitting}{section.3}% 32
\BOOKMARK [1][-]{section.4}{Pair potentials for HxOy}{}% 33
\BOOKMARK [2][-]{subsection.4.1}{Lennard-Jones-like pair potential \(Deiters \046 Neumaier 2016\)}{section.4}% 34
\BOOKMARK [2][-]{subsection.4.2}{Pair potential for noble gases \(Deiters \046 Sadus 2019\)}{section.4}% 35
\BOOKMARK [2][-]{subsection.4.3}{Proposed diatomic potential}{section.4}% 36
\BOOKMARK [3][-]{subsubsection.4.3.1}{Polynomial fit}{subsection.4.3}% 37
\BOOKMARK [3][-]{subsubsection.4.3.2}{RATPOT1}{subsection.4.3}% 38
\BOOKMARK [3][-]{subsubsection.4.3.3}{RATPOT2}{subsection.4.3}% 39
\BOOKMARK [3][-]{subsubsection.4.3.4}{RATPOT3}{subsection.4.3}% 40
\BOOKMARK [3][-]{subsubsection.4.3.5}{Linear RATPOT}{subsection.4.3}% 41
\BOOKMARK [2][-]{subsection.4.4}{Fitting method}{section.4}% 42
\BOOKMARK [3][-]{subsubsection.4.4.1}{Fitting dissociated energy}{subsection.4.4}% 43
\BOOKMARK [1][-]{section.5}{High-level summary of potentials with bonding features}{}% 44
\BOOKMARK [2][-]{subsection.5.1}{Features}{section.5}% 45
\BOOKMARK [3][-]{subsubsection.5.1.1}{Bonding function}{subsection.5.1}% 46
\BOOKMARK [3][-]{subsubsection.5.1.2}{Reference energy}{subsection.5.1}% 47
\BOOKMARK [3][-]{subsubsection.5.1.3}{Coordination vector}{subsection.5.1}% 48
\BOOKMARK [3][-]{subsubsection.5.1.4}{Orientation vector}{subsection.5.1}% 49
\BOOKMARK [4][-]{paragraph.5.1.4.1}{Converting distances to coordinates}{subsubsection.5.1.4}% 50
\BOOKMARK [3][-]{subsubsection.5.1.5}{Gram matrix}{subsection.5.1}% 51
\BOOKMARK [3][-]{subsubsection.5.1.6}{Neighbourhood matrix}{subsection.5.1}% 52
\BOOKMARK [2][-]{subsection.5.2}{Models}{section.5}% 53
\BOOKMARK [3][-]{subsubsection.5.2.1}{Model with trainable reference pair potential}{subsection.5.2}% 54
\BOOKMARK [3][-]{subsubsection.5.2.2}{Model with fixed H2}{subsection.5.2}% 55
\BOOKMARK [2][-]{subsection.5.3}{Objective function}{section.5}% 56
\BOOKMARK [2][-]{subsection.5.4}{High level programming details}{section.5}% 57
\BOOKMARK [2][-]{subsection.5.5}{Feature statistics}{section.5}% 58
\BOOKMARK [1][-]{section.6}{Primitive bonding features}{}% 59
\BOOKMARK [2][-]{subsection.6.1}{Coordination function}{section.6}% 60
\BOOKMARK [2][-]{subsection.6.2}{Bump functions}{section.6}% 61
\BOOKMARK [2][-]{subsection.6.3}{Linearizable bump functions}{section.6}% 62
\BOOKMARK [1][-]{section.7}{Datasets}{}% 63
\BOOKMARK [2][-]{subsection.7.1}{H2 data}{section.7}% 64
\BOOKMARK [3][-]{subsubsection.7.1.1}{H2+ data}{subsection.7.1}% 65
\BOOKMARK [2][-]{subsection.7.2}{O2 data}{section.7}% 66
\BOOKMARK [3][-]{subsubsection.7.2.1}{O2+ data}{subsection.7.2}% 67
\BOOKMARK [2][-]{subsection.7.3}{OH data}{section.7}% 68
\BOOKMARK [3][-]{subsubsection.7.3.1}{OH+ data}{subsection.7.3}% 69
\BOOKMARK [3][-]{subsubsection.7.3.2}{OH- data}{subsection.7.3}% 70
